  CommandParameters.cpp
G:\MiniRender\MiniRender\MiniRender\simple_library\public\simple_math\transformation\vector\vector_4id.h(14,5): warning C4244: “初始化”: 从“float”转换到“int”，可能丢失数据
  (编译源文件“Engine/Core/CommandParameters.cpp”)
  
G:\MiniRender\MiniRender\MiniRender\simple_library\public\simple_math\transformation\vector\vector_4id.h(15,6): warning C4244: “初始化”: 从“float”转换到“int”，可能丢失数据
  (编译源文件“Engine/Core/CommandParameters.cpp”)
  
G:\MiniRender\MiniRender\MiniRender\simple_library\public\simple_math\transformation\vector\vector_4id.h(16,6): warning C4244: “初始化”: 从“float”转换到“int”，可能丢失数据
  (编译源文件“Engine/Core/CommandParameters.cpp”)
  
G:\MiniRender\MiniRender\MiniRender\simple_library\public\simple_math\transformation\vector\vector_4id.h(17,6): warning C4244: “初始化”: 从“float”转换到“int”，可能丢失数据
  (编译源文件“Engine/Core/CommandParameters.cpp”)
  
  EngineFactory.cpp
G:\MiniRender\MiniRender\MiniRender\simple_library\public\simple_math\transformation\vector\vector_4id.h(14,5): warning C4244: “初始化”: 从“float”转换到“int”，可能丢失数据
  (编译源文件“Engine/EngineFactory.cpp”)
  
G:\MiniRender\MiniRender\MiniRender\simple_library\public\simple_math\transformation\vector\vector_4id.h(15,6): warning C4244: “初始化”: 从“float”转换到“int”，可能丢失数据
  (编译源文件“Engine/EngineFactory.cpp”)
  
G:\MiniRender\MiniRender\MiniRender\simple_library\public\simple_math\transformation\vector\vector_4id.h(16,6): warning C4244: “初始化”: 从“float”转换到“int”，可能丢失数据
  (编译源文件“Engine/EngineFactory.cpp”)
  
G:\MiniRender\MiniRender\MiniRender\simple_library\public\simple_math\transformation\vector\vector_4id.h(17,6): warning C4244: “初始化”: 从“float”转换到“int”，可能丢失数据
  (编译源文件“Engine/EngineFactory.cpp”)
  
  MiniEngine.cpp
G:\MiniRender\MiniRender\MiniRender\simple_library\public\simple_math\transformation\vector\vector_4id.h(14,5): warning C4244: “初始化”: 从“float”转换到“int”，可能丢失数据
  (编译源文件“Engine/MiniEngine.cpp”)
  
G:\MiniRender\MiniRender\MiniRender\simple_library\public\simple_math\transformation\vector\vector_4id.h(15,6): warning C4244: “初始化”: 从“float”转换到“int”，可能丢失数据
  (编译源文件“Engine/MiniEngine.cpp”)
  
G:\MiniRender\MiniRender\MiniRender\simple_library\public\simple_math\transformation\vector\vector_4id.h(16,6): warning C4244: “初始化”: 从“float”转换到“int”，可能丢失数据
  (编译源文件“Engine/MiniEngine.cpp”)
  
G:\MiniRender\MiniRender\MiniRender\simple_library\public\simple_math\transformation\vector\vector_4id.h(17,6): warning C4244: “初始化”: 从“float”转换到“int”，可能丢失数据
  (编译源文件“Engine/MiniEngine.cpp”)
  
  WindowsEngine.cpp
G:\MiniRender\MiniRender\MiniRender\simple_library\public\simple_math\transformation\vector\vector_4id.h(14,5): warning C4244: “初始化”: 从“float”转换到“int”，可能丢失数据
  (编译源文件“Engine/Platform/WindowsEngine.cpp”)
  
G:\MiniRender\MiniRender\MiniRender\simple_library\public\simple_math\transformation\vector\vector_4id.h(15,6): warning C4244: “初始化”: 从“float”转换到“int”，可能丢失数据
  (编译源文件“Engine/Platform/WindowsEngine.cpp”)
  
G:\MiniRender\MiniRender\MiniRender\simple_library\public\simple_math\transformation\vector\vector_4id.h(16,6): warning C4244: “初始化”: 从“float”转换到“int”，可能丢失数据
  (编译源文件“Engine/Platform/WindowsEngine.cpp”)
  
G:\MiniRender\MiniRender\MiniRender\simple_library\public\simple_math\transformation\vector\vector_4id.h(17,6): warning C4244: “初始化”: 从“float”转换到“int”，可能丢失数据
  (编译源文件“Engine/Platform/WindowsEngine.cpp”)
  
  正在生成代码...
  MiniRender.vcxproj -> G:\MiniRender\MiniRender\x64\Debug\MiniRender.exe
